<?xml version="1.0" encoding="UTF-8"?>
<!-- Generated by org.testng.reporters.JUnitXMLReporter -->
<testsuite hostname="inlen8520040228" ignored="0" name="Test" tests="17" failures="0" timestamp="2024-05-23T16:24:52 IST" time="17.96" errors="0">
  <testcase name="@BeforeMethod setUp" time="0.4" classname="com.DemoHybridFramework.qa.testCases.RegisterTest">
    <failure type="java.lang.NullPointerException">
      <![CDATA[java.lang.NullPointerException
at com.DemoHybridFramework.qa.baseTest.BaseTest.initializeBrowserAndOpenApplicationURL(BaseTest.java:67)
at com.DemoHybridFramework.qa.testCases.RegisterTest.setUp(RegisterTest.java:28)
at java.util.ArrayList.forEach(ArrayList.java:1257)
... Removed 35 stack frames]]>
    </failure>
  </testcase> <!-- @BeforeMethod setUp -->
  <testcase name="@AfterMethod tearDown" time="-1.71646167477E9" classname="com.DemoHybridFramework.qa.testCases.RegisterTest">
    <skipped/>
  </testcase> <!-- @AfterMethod tearDown -->
  <testcase name="@BeforeMethod setUp" time="-1.716461674772E9" classname="com.DemoHybridFramework.qa.testCases.RegisterTest">
    <skipped/>
  </testcase> <!-- @BeforeMethod setUp -->
  <testcase name="@AfterMethod tearDown" time="-1.716461674774E9" classname="com.DemoHybridFramework.qa.testCases.RegisterTest">
    <skipped/>
  </testcase> <!-- @AfterMethod tearDown -->
  <testcase name="@BeforeMethod setUp" time="-1.716461674775E9" classname="com.DemoHybridFramework.qa.testCases.RegisterTest">
    <skipped/>
  </testcase> <!-- @BeforeMethod setUp -->
  <testcase name="@AfterMethod tearDown" time="-1.716461674776E9" classname="com.DemoHybridFramework.qa.testCases.RegisterTest">
    <skipped/>
  </testcase> <!-- @AfterMethod tearDown -->
  <testcase name="@BeforeMethod setUp" time="-1.716461674782E9" classname="com.DemoHybridFramework.qa.testCases.RegisterTest">
    <skipped/>
  </testcase> <!-- @BeforeMethod setUp -->
  <testcase name="@AfterMethod tearDown" time="-1.716461674783E9" classname="com.DemoHybridFramework.qa.testCases.RegisterTest">
    <skipped/>
  </testcase> <!-- @AfterMethod tearDown -->
  <testcase name="@BeforeMethod setUp" time="4.573" classname="com.DemoHybridFramework.qa.testCases.SearchTest">
    <failure type="java.lang.IllegalStateException" message="The path to the driver executable The path to the driver executable must be set by the webdriver.chrome.driver system property; for more information, see https://chromedriver.chromium.org/. The latest version can be downloaded from https://chromedriver.chromium.org/downloads">
      <![CDATA[java.lang.IllegalStateException: The path to the driver executable The path to the driver executable must be set by the webdriver.chrome.driver system property; for more information, see https://chromedriver.chromium.org/. The latest version can be downloaded from https://chromedriver.chromium.org/downloads
at org.openqa.selenium.internal.Require$StateChecker.nonNull(Require.java:314)
at org.openqa.selenium.remote.service.DriverService.findExecutable(DriverService.java:149)
at org.openqa.selenium.chrome.ChromeDriverService.access$000(ChromeDriverService.java:42)
at org.openqa.selenium.chrome.ChromeDriverService$Builder.findDefaultExecutable(ChromeDriverService.java:315)
at org.openqa.selenium.remote.service.DriverService$Builder.build(DriverService.java:456)
at org.openqa.selenium.chrome.ChromeDriverService.createDefaultService(ChromeDriverService.java:147)
at org.openqa.selenium.chrome.ChromeDriver.<init>(ChromeDriver.java:50)
at com.DemoHybridFramework.qa.baseTest.BaseTest.initializeBrowserAndOpenApplicationURL(BaseTest.java:68)
at com.DemoHybridFramework.qa.testCases.SearchTest.setUp(SearchTest.java:27)
at java.util.ArrayList.forEach(ArrayList.java:1257)
... Removed 35 stack frames]]>
    </failure>
  </testcase> <!-- @BeforeMethod setUp -->
  <testcase name="@AfterMethod tearDown" time="-1.71646167936E9" classname="com.DemoHybridFramework.qa.testCases.SearchTest">
    <skipped/>
  </testcase> <!-- @AfterMethod tearDown -->
  <testcase name="@BeforeMethod setUp" time="-1.716461679361E9" classname="com.DemoHybridFramework.qa.testCases.SearchTest">
    <skipped/>
  </testcase> <!-- @BeforeMethod setUp -->
  <testcase name="@AfterMethod tearDown" time="-1.716461679362E9" classname="com.DemoHybridFramework.qa.testCases.SearchTest">
    <skipped/>
  </testcase> <!-- @AfterMethod tearDown -->
  <testcase name="@BeforeMethod setUp" time="-1.716461679362E9" classname="com.DemoHybridFramework.qa.testCases.SearchTest">
    <skipped/>
  </testcase> <!-- @BeforeMethod setUp -->
  <testcase name="@AfterMethod tearDown" time="-1.716461679363E9" classname="com.DemoHybridFramework.qa.testCases.SearchTest">
    <skipped/>
  </testcase> <!-- @AfterMethod tearDown -->
  <testcase name="@BeforeMethod setUp" time="4.245" classname="com.DemoHybridFramework.qa.testCases.LoginTest">
    <failure type="java.lang.IllegalStateException" message="The path to the driver executable The path to the driver executable must be set by the webdriver.chrome.driver system property; for more information, see https://chromedriver.chromium.org/. The latest version can be downloaded from https://chromedriver.chromium.org/downloads">
      <![CDATA[java.lang.IllegalStateException: The path to the driver executable The path to the driver executable must be set by the webdriver.chrome.driver system property; for more information, see https://chromedriver.chromium.org/. The latest version can be downloaded from https://chromedriver.chromium.org/downloads
at org.openqa.selenium.internal.Require$StateChecker.nonNull(Require.java:314)
at org.openqa.selenium.remote.service.DriverService.findExecutable(DriverService.java:149)
at org.openqa.selenium.chrome.ChromeDriverService.access$000(ChromeDriverService.java:42)
at org.openqa.selenium.chrome.ChromeDriverService$Builder.findDefaultExecutable(ChromeDriverService.java:315)
at org.openqa.selenium.remote.service.DriverService$Builder.build(DriverService.java:456)
at org.openqa.selenium.chrome.ChromeDriverService.createDefaultService(ChromeDriverService.java:147)
at org.openqa.selenium.chrome.ChromeDriver.<init>(ChromeDriver.java:50)
at com.DemoHybridFramework.qa.baseTest.BaseTest.initializeBrowserAndOpenApplicationURL(BaseTest.java:68)
at com.DemoHybridFramework.qa.testCases.LoginTest.setUp(LoginTest.java:30)
at java.util.ArrayList.forEach(ArrayList.java:1257)
... Removed 35 stack frames]]>
    </failure>
  </testcase> <!-- @BeforeMethod setUp -->
  <testcase name="@AfterMethod tearDown" time="-1.71646168361E9" classname="com.DemoHybridFramework.qa.testCases.LoginTest">
    <skipped/>
  </testcase> <!-- @AfterMethod tearDown -->
  <testcase name="@BeforeMethod setUp" time="-1.716461683611E9" classname="com.DemoHybridFramework.qa.testCases.LoginTest">
    <skipped/>
  </testcase> <!-- @BeforeMethod setUp -->
  <testcase name="@AfterMethod tearDown" time="-1.716461683612E9" classname="com.DemoHybridFramework.qa.testCases.LoginTest">
    <skipped/>
  </testcase> <!-- @AfterMethod tearDown -->
  <testcase name="@BeforeMethod setUp" time="-1.716461683614E9" classname="com.DemoHybridFramework.qa.testCases.LoginTest">
    <skipped/>
  </testcase> <!-- @BeforeMethod setUp -->
  <testcase name="@AfterMethod tearDown" time="-1.716461683615E9" classname="com.DemoHybridFramework.qa.testCases.LoginTest">
    <skipped/>
  </testcase> <!-- @AfterMethod tearDown -->
  <testcase name="@BeforeMethod setUp" time="-1.716461683616E9" classname="com.DemoHybridFramework.qa.testCases.LoginTest">
    <skipped/>
  </testcase> <!-- @BeforeMethod setUp -->
  <testcase name="@AfterMethod tearDown" time="-1.716461683616E9" classname="com.DemoHybridFramework.qa.testCases.LoginTest">
    <skipped/>
  </testcase> <!-- @AfterMethod tearDown -->
  <testcase name="@BeforeMethod setUp" time="-1.716461683617E9" classname="com.DemoHybridFramework.qa.testCases.LoginTest">
    <skipped/>
  </testcase> <!-- @BeforeMethod setUp -->
  <testcase name="@AfterMethod tearDown" time="-1.716461683617E9" classname="com.DemoHybridFramework.qa.testCases.LoginTest">
    <skipped/>
  </testcase> <!-- @AfterMethod tearDown -->
  <testcase name="@BeforeMethod setUp" time="4.28" classname="com.DemoHybridFramework.qa.testCases.LoginTest_DDT">
    <failure type="java.lang.IllegalStateException" message="The path to the driver executable The path to the driver executable must be set by the webdriver.chrome.driver system property; for more information, see https://chromedriver.chromium.org/. The latest version can be downloaded from https://chromedriver.chromium.org/downloads">
      <![CDATA[java.lang.IllegalStateException: The path to the driver executable The path to the driver executable must be set by the webdriver.chrome.driver system property; for more information, see https://chromedriver.chromium.org/. The latest version can be downloaded from https://chromedriver.chromium.org/downloads
at org.openqa.selenium.internal.Require$StateChecker.nonNull(Require.java:314)
at org.openqa.selenium.remote.service.DriverService.findExecutable(DriverService.java:149)
at org.openqa.selenium.chrome.ChromeDriverService.access$000(ChromeDriverService.java:42)
at org.openqa.selenium.chrome.ChromeDriverService$Builder.findDefaultExecutable(ChromeDriverService.java:315)
at org.openqa.selenium.remote.service.DriverService$Builder.build(DriverService.java:456)
at org.openqa.selenium.chrome.ChromeDriverService.createDefaultService(ChromeDriverService.java:147)
at org.openqa.selenium.chrome.ChromeDriver.<init>(ChromeDriver.java:50)
at com.DemoHybridFramework.qa.baseTest.BaseTest.initializeBrowserAndOpenApplicationURL(BaseTest.java:68)
at com.DemoHybridFramework.qa.testCases.LoginTest_DDT.setUp(LoginTest_DDT.java:32)
at java.util.ArrayList.forEach(ArrayList.java:1257)
... Removed 35 stack frames]]>
    </failure>
  </testcase> <!-- @BeforeMethod setUp -->
  <testcase name="@AfterMethod tearDown" time="-1.716461687948E9" classname="com.DemoHybridFramework.qa.testCases.LoginTest_DDT">
    <skipped/>
  </testcase> <!-- @AfterMethod tearDown -->
  <testcase name="@BeforeMethod setUp" time="-1.716461687948E9" classname="com.DemoHybridFramework.qa.testCases.LoginTest_DDT">
    <skipped/>
  </testcase> <!-- @BeforeMethod setUp -->
  <testcase name="@AfterMethod tearDown" time="-1.71646168795E9" classname="com.DemoHybridFramework.qa.testCases.LoginTest_DDT">
    <skipped/>
  </testcase> <!-- @AfterMethod tearDown -->
  <testcase name="@BeforeMethod setUp" time="-1.71646168795E9" classname="com.DemoHybridFramework.qa.testCases.LoginTest_DDT">
    <skipped/>
  </testcase> <!-- @BeforeMethod setUp -->
  <testcase name="@AfterMethod tearDown" time="-1.716461687951E9" classname="com.DemoHybridFramework.qa.testCases.LoginTest_DDT">
    <skipped/>
  </testcase> <!-- @AfterMethod tearDown -->
  <testcase name="@BeforeMethod setUp" time="4.115" classname="com.DemoHybridFramework.qa.testCases.LoginTest_DDT2">
    <failure type="java.lang.IllegalStateException" message="The path to the driver executable The path to the driver executable must be set by the webdriver.chrome.driver system property; for more information, see https://chromedriver.chromium.org/. The latest version can be downloaded from https://chromedriver.chromium.org/downloads">
      <![CDATA[java.lang.IllegalStateException: The path to the driver executable The path to the driver executable must be set by the webdriver.chrome.driver system property; for more information, see https://chromedriver.chromium.org/. The latest version can be downloaded from https://chromedriver.chromium.org/downloads
at org.openqa.selenium.internal.Require$StateChecker.nonNull(Require.java:314)
at org.openqa.selenium.remote.service.DriverService.findExecutable(DriverService.java:149)
at org.openqa.selenium.chrome.ChromeDriverService.access$000(ChromeDriverService.java:42)
at org.openqa.selenium.chrome.ChromeDriverService$Builder.findDefaultExecutable(ChromeDriverService.java:315)
at org.openqa.selenium.remote.service.DriverService$Builder.build(DriverService.java:456)
at org.openqa.selenium.chrome.ChromeDriverService.createDefaultService(ChromeDriverService.java:147)
at org.openqa.selenium.chrome.ChromeDriver.<init>(ChromeDriver.java:50)
at com.DemoHybridFramework.qa.baseTest.BaseTest.initializeBrowserAndOpenApplicationURL(BaseTest.java:68)
at com.DemoHybridFramework.qa.testCases.LoginTest_DDT2.setUp(LoginTest_DDT2.java:32)
at java.util.ArrayList.forEach(ArrayList.java:1257)
... Removed 35 stack frames]]>
    </failure>
  </testcase> <!-- @BeforeMethod setUp -->
  <testcase name="@AfterMethod tearDown" time="-1.716461692103E9" classname="com.DemoHybridFramework.qa.testCases.LoginTest_DDT2">
    <skipped/>
  </testcase> <!-- @AfterMethod tearDown -->
  <testcase name="@BeforeMethod setUp" time="-1.716461692104E9" classname="com.DemoHybridFramework.qa.testCases.LoginTest_DDT2">
    <skipped/>
  </testcase> <!-- @BeforeMethod setUp -->
  <testcase name="@AfterMethod tearDown" time="-1.716461692105E9" classname="com.DemoHybridFramework.qa.testCases.LoginTest_DDT2">
    <skipped/>
  </testcase> <!-- @AfterMethod tearDown -->
  <testcase name="verifyRegisteringAccountWithMandatoryFields" time="0.0" classname="com.DemoHybridFramework.qa.testCases.RegisterTest">
    <skipped/>
  </testcase> <!-- verifyRegisteringAccountWithMandatoryFields -->
  <testcase name="verifyRegisterAccountByProvidingAllFields" time="0.0" classname="com.DemoHybridFramework.qa.testCases.RegisterTest">
    <skipped/>
  </testcase> <!-- verifyRegisterAccountByProvidingAllFields -->
  <testcase name="VerifyRegisteringAccountWithExistingEamilAddress" time="0.0" classname="com.DemoHybridFramework.qa.testCases.RegisterTest">
    <skipped/>
  </testcase> <!-- VerifyRegisteringAccountWithExistingEamilAddress -->
  <testcase name="VerifyRegisteringAccountWithoutFillingAnydetails" time="0.0" classname="com.DemoHybridFramework.qa.testCases.RegisterTest">
    <skipped/>
  </testcase> <!-- VerifyRegisteringAccountWithoutFillingAnydetails -->
  <testcase name="verifySearchWithValidProduct" time="0.0" classname="com.DemoHybridFramework.qa.testCases.SearchTest">
    <skipped/>
  </testcase> <!-- verifySearchWithValidProduct -->
  <testcase name="verifySearchWithInValidProduct" time="0.0" classname="com.DemoHybridFramework.qa.testCases.SearchTest">
    <skipped/>
  </testcase> <!-- verifySearchWithInValidProduct -->
  <testcase name="verifySearchWithoutAnyProduct" time="0.0" classname="com.DemoHybridFramework.qa.testCases.SearchTest">
    <skipped/>
  </testcase> <!-- verifySearchWithoutAnyProduct -->
  <testcase name="verifyLoginWithValidCredentials" time="0.0" classname="com.DemoHybridFramework.qa.testCases.LoginTest">
    <skipped/>
  </testcase> <!-- verifyLoginWithValidCredentials -->
  <testcase name="verifyLoginWithInValidCredentials" time="0.0" classname="com.DemoHybridFramework.qa.testCases.LoginTest">
    <skipped/>
  </testcase> <!-- verifyLoginWithInValidCredentials -->
  <testcase name="verifyLoginWithInValidEmailAndValidPassword" time="0.0" classname="com.DemoHybridFramework.qa.testCases.LoginTest">
    <skipped/>
  </testcase> <!-- verifyLoginWithInValidEmailAndValidPassword -->
  <testcase name="verifyLoginWithValidEmailAndValidPassword" time="0.0" classname="com.DemoHybridFramework.qa.testCases.LoginTest">
    <skipped/>
  </testcase> <!-- verifyLoginWithValidEmailAndValidPassword -->
  <testcase name="verifyLogWithoutProvidingCredentials" time="0.0" classname="com.DemoHybridFramework.qa.testCases.LoginTest">
    <skipped/>
  </testcase> <!-- verifyLogWithoutProvidingCredentials -->
  <testcase name="Login_valid_DDT" time="0.0" classname="com.DemoHybridFramework.qa.testCases.LoginTest_DDT">
    <skipped/>
  </testcase> <!-- Login_valid_DDT -->
  <testcase name="Login_valid_DDT" time="0.0" classname="com.DemoHybridFramework.qa.testCases.LoginTest_DDT">
    <skipped/>
  </testcase> <!-- Login_valid_DDT -->
  <testcase name="Login_valid_DDT" time="0.0" classname="com.DemoHybridFramework.qa.testCases.LoginTest_DDT">
    <skipped/>
  </testcase> <!-- Login_valid_DDT -->
  <testcase name="Login_valid_invalid_DDT" time="0.0" classname="com.DemoHybridFramework.qa.testCases.LoginTest_DDT2">
    <skipped/>
  </testcase> <!-- Login_valid_invalid_DDT -->
  <testcase name="Login_valid_invalid_DDT" time="0.0" classname="com.DemoHybridFramework.qa.testCases.LoginTest_DDT2">
    <skipped/>
  </testcase> <!-- Login_valid_invalid_DDT -->
</testsuite> <!-- Test -->
