<!DOCTYPE html PUBLIC "-//W3C//DTD XHTML 1.1//EN" "https://www.w3.org/TR/xhtml11/DTD/xhtml11.dtd">
<html xmlns="https://www.w3.org/1999/xhtml">
<head>
<meta http-equiv="content-type" content="text/html; charset=UTF-8"/>
<title>TestNG Report</title>
<style type="text/css">table {margin-bottom:10px;border-collapse:collapse;empty-cells:show}th,td {border:1px solid #009;padding:.25em .5em}th {vertical-align:bottom}td {vertical-align:top}table a {font-weight:bold}.stripe td {background-color: #E6EBF9}.num {text-align:right}.passedodd td {background-color: #3F3}.passedeven td {background-color: #0A0}.skippedodd td {background-color: #DDD}.skippedeven td {background-color: #CCC}.failedodd td,.attn {background-color: #F33}.failedeven td,.stripe .attn {background-color: #D00}.stacktrace {white-space:pre;font-family:monospace}.totop {font-size:85%;text-align:center;border-bottom:2px solid #000}.invisible {display:none}</style>
</head>
<body>
<table>
<tr><th>Test</th><th># Passed</th><th># Skipped</th><th># Retried</th><th># Failed</th><th>Time (ms)</th><th>Included Groups</th><th>Excluded Groups</th></tr>
<tr><th colspan="8">Suite</th></tr>
<tr><td><a href="#t0">Test</a></td><td class="num">13</td><td class="num">0</td><td class="num">0</td><td class="num attn">2</td><td class="num">120,670</td><td></td><td></td></tr>
</table>
<table id='summary'><thead><tr><th>Class</th><th>Method</th><th>Start</th><th>Time (ms)</th></tr></thead><tbody><tr><th colspan="4">Suite</th></tr></tbody><tbody id="t0"><tr><th colspan="4">Test &#8212; failed</th></tr><tr class="failedeven"><td rowspan="2">com.DemoHybridFramework.qa.testCases.LoginTest_DDT2</td><td><a href="#m0">Login_valid_invalid_DDT</a></td><td rowspan="2">1716211609627</td><td rowspan="2">10835</td></tr><tr class="failedeven"><td><a href="#m1">Login_valid_invalid_DDT</a></td></tr><tr><th colspan="4">Test &#8212; passed</th></tr><tr class="passedeven"><td rowspan="5">com.DemoHybridFramework.qa.testCases.LoginTest</td><td><a href="#m2">verifyLogWithoutProvidingCredentials</a></td><td rowspan="1">1716211576887</td><td rowspan="1">532</td></tr><tr class="passedeven"><td><a href="#m3">verifyLoginWithInValidCredentials</a></td><td rowspan="1">1716211557938</td><td rowspan="1">939</td></tr><tr class="passedeven"><td><a href="#m4">verifyLoginWithInValidEmailAndValidPassword</a></td><td rowspan="1">1716211564243</td><td rowspan="1">774</td></tr><tr class="passedeven"><td><a href="#m5">verifyLoginWithValidCredentials</a></td><td rowspan="1">1716211551042</td><td rowspan="1">1117</td></tr><tr class="passedeven"><td><a href="#m6">verifyLoginWithValidEmailAndValidPassword</a></td><td rowspan="1">1716211570416</td><td rowspan="1">915</td></tr><tr class="passedodd"><td rowspan="3">com.DemoHybridFramework.qa.testCases.LoginTest_DDT</td><td><a href="#m7">Login_valid_DDT</a></td><td rowspan="3">1716211589838</td><td rowspan="3">1044</td></tr><tr class="passedodd"><td><a href="#m8">Login_valid_DDT</a></td></tr><tr class="passedodd"><td><a href="#m9">Login_valid_DDT</a></td></tr><tr class="passedeven"><td rowspan="2">com.DemoHybridFramework.qa.testCases.LoginTest_DDT2</td><td><a href="#m10">Login_valid_invalid_DDT</a></td><td rowspan="2">1716211626374</td><td rowspan="2">1481</td></tr><tr class="passedeven"><td><a href="#m11">Login_valid_invalid_DDT</a></td></tr><tr class="passedodd"><td rowspan="3">com.DemoHybridFramework.qa.testCases.SearchTest</td><td><a href="#m12">verifySearchWithInValidProduct</a></td><td rowspan="1">1716211539776</td><td rowspan="1">511</td></tr><tr class="passedodd"><td><a href="#m13">verifySearchWithValidProduct</a></td><td rowspan="1">1716211534043</td><td rowspan="1">657</td></tr><tr class="passedodd"><td><a href="#m14">verifySearchWithoutAnyProduct</a></td><td rowspan="1">1716211545354</td><td rowspan="1">390</td></tr></tbody>
</table>
<h2>Test</h2><h3 id="m0">com.DemoHybridFramework.qa.testCases.LoginTest_DDT2#Login_valid_invalid_DDT</h3><table class="result"><tr class="param"><th>Parameter #1</th><th>Parameter #2</th><th>Parameter #3</th></tr><tr class="param stripe"><td>test@gmail.com</td><td>123456.0</td><td>invalid</td></tr><tr><th colspan="3">Exception</th></tr><tr><td colspan="3"><div class="stacktrace">java.lang.AssertionError: An exception occurred: no such element: Unable to locate element: {&quot;method&quot;:&quot;xpath&quot;,&quot;selector&quot;:&quot;//h2[text()=&apos;My Account&apos;]&quot;}
  (Session info: chrome=124.0.6367.209)
For documentation on this error, please visit: https://www.selenium.dev/documentation/webdriver/troubleshooting/errors#no-such-element-exception
Build info: version: &apos;4.15.0&apos;, revision: &apos;1d14b5521b&apos;
System info: os.name: &apos;Windows 10&apos;, os.arch: &apos;amd64&apos;, os.version: &apos;10.0&apos;, java.version: &apos;16.0.1&apos;
Driver info: org.openqa.selenium.chrome.ChromeDriver
Command: [275c167416803a770c867304084948f4, findElement {using=xpath, value=//h2[text()=&apos;My Account&apos;]}]
Capabilities {acceptInsecureCerts: false, browserName: chrome, browserVersion: 124.0.6367.209, chrome: {chromedriverVersion: 124.0.6367.207 (a9001a6e39f..., userDataDir: C:\WINDOWS\SystemTemp\scope...}, fedcm:accounts: true, goog:chromeOptions: {debuggerAddress: localhost:63157}, networkConnectionEnabled: false, pageLoadStrategy: normal, platformName: windows, proxy: Proxy(), se:cdp: ws://localhost:63157/devtoo..., se:cdpVersion: 124.0.6367.209, setWindowRect: true, strictFileInteractability: false, timeouts: {implicit: 0, pageLoad: 300000, script: 30000}, unhandledPromptBehavior: dismiss and notify, webauthn:extension:credBlob: true, webauthn:extension:largeBlob: true, webauthn:extension:minPinLength: true, webauthn:extension:prf: true, webauthn:virtualAuthenticators: true}
Session ID: 275c167416803a770c867304084948f4
	at com.DemoHybridFramework.qa.testCases.LoginTest_DDT2.Login_valid_invalid_DDT(LoginTest_DDT2.java:79)
	at java.base/java.util.ArrayList.forEach(ArrayList.java:1511)
... Removed 28 stack frames</div></td></tr></table><p class="totop"><a href="#summary">back to summary</a></p>
<h3 id="m1">com.DemoHybridFramework.qa.testCases.LoginTest_DDT2#Login_valid_invalid_DDT</h3><table class="result"><tr class="param"><th>Parameter #1</th><th>Parameter #2</th><th>Parameter #3</th></tr><tr class="param stripe"><td>invalid@gmail.com</td><td>123456.0</td><td>invalid</td></tr><tr><th colspan="3">Exception</th></tr><tr><td colspan="3"><div class="stacktrace">java.lang.AssertionError: An exception occurred: no such element: Unable to locate element: {&quot;method&quot;:&quot;xpath&quot;,&quot;selector&quot;:&quot;//h2[text()=&apos;My Account&apos;]&quot;}
  (Session info: chrome=124.0.6367.209)
For documentation on this error, please visit: https://www.selenium.dev/documentation/webdriver/troubleshooting/errors#no-such-element-exception
Build info: version: &apos;4.15.0&apos;, revision: &apos;1d14b5521b&apos;
System info: os.name: &apos;Windows 10&apos;, os.arch: &apos;amd64&apos;, os.version: &apos;10.0&apos;, java.version: &apos;16.0.1&apos;
Driver info: org.openqa.selenium.chrome.ChromeDriver
Command: [11c6b7626b0224b4685de999d5f48ef9, findElement {using=xpath, value=//h2[text()=&apos;My Account&apos;]}]
Capabilities {acceptInsecureCerts: false, browserName: chrome, browserVersion: 124.0.6367.209, chrome: {chromedriverVersion: 124.0.6367.207 (a9001a6e39f..., userDataDir: C:\WINDOWS\SystemTemp\scope...}, fedcm:accounts: true, goog:chromeOptions: {debuggerAddress: localhost:63231}, networkConnectionEnabled: false, pageLoadStrategy: normal, platformName: windows, proxy: Proxy(), se:cdp: ws://localhost:63231/devtoo..., se:cdpVersion: 124.0.6367.209, setWindowRect: true, strictFileInteractability: false, timeouts: {implicit: 0, pageLoad: 300000, script: 30000}, unhandledPromptBehavior: dismiss and notify, webauthn:extension:credBlob: true, webauthn:extension:largeBlob: true, webauthn:extension:minPinLength: true, webauthn:extension:prf: true, webauthn:virtualAuthenticators: true}
Session ID: 11c6b7626b0224b4685de999d5f48ef9
	at com.DemoHybridFramework.qa.testCases.LoginTest_DDT2.Login_valid_invalid_DDT(LoginTest_DDT2.java:79)
	at java.base/java.util.ArrayList.forEach(ArrayList.java:1511)
... Removed 28 stack frames</div></td></tr></table><p class="totop"><a href="#summary">back to summary</a></p>
<h3 id="m2">com.DemoHybridFramework.qa.testCases.LoginTest#verifyLogWithoutProvidingCredentials</h3><table class="result"><tr><th class="invisible"/></tr></table><p class="totop"><a href="#summary">back to summary</a></p>
<h3 id="m3">com.DemoHybridFramework.qa.testCases.LoginTest#verifyLoginWithInValidCredentials</h3><table class="result"><tr><th class="invisible"/></tr></table><p class="totop"><a href="#summary">back to summary</a></p>
<h3 id="m4">com.DemoHybridFramework.qa.testCases.LoginTest#verifyLoginWithInValidEmailAndValidPassword</h3><table class="result"><tr><th class="invisible"/></tr></table><p class="totop"><a href="#summary">back to summary</a></p>
<h3 id="m5">com.DemoHybridFramework.qa.testCases.LoginTest#verifyLoginWithValidCredentials</h3><table class="result"><tr><th class="invisible"/></tr></table><p class="totop"><a href="#summary">back to summary</a></p>
<h3 id="m6">com.DemoHybridFramework.qa.testCases.LoginTest#verifyLoginWithValidEmailAndValidPassword</h3><table class="result"><tr><th class="invisible"/></tr></table><p class="totop"><a href="#summary">back to summary</a></p>
<h3 id="m7">com.DemoHybridFramework.qa.testCases.LoginTest_DDT#Login_valid_DDT</h3><table class="result"><tr class="param"><th>Parameter #1</th><th>Parameter #2</th></tr><tr class="param stripe"><td>shivshakti@gmail.com</td><td>123456.0</td></tr></table><p class="totop"><a href="#summary">back to summary</a></p>
<h3 id="m8">com.DemoHybridFramework.qa.testCases.LoginTest_DDT#Login_valid_DDT</h3><table class="result"><tr class="param"><th>Parameter #1</th><th>Parameter #2</th></tr><tr class="param stripe"><td>shivshakti@gmail.com</td><td>123456.0</td></tr></table><p class="totop"><a href="#summary">back to summary</a></p>
<h3 id="m9">com.DemoHybridFramework.qa.testCases.LoginTest_DDT#Login_valid_DDT</h3><table class="result"><tr class="param"><th>Parameter #1</th><th>Parameter #2</th></tr><tr class="param stripe"><td>shivshakti@gmail.com</td><td>123456.0</td></tr></table><p class="totop"><a href="#summary">back to summary</a></p>
<h3 id="m10">com.DemoHybridFramework.qa.testCases.LoginTest_DDT2#Login_valid_invalid_DDT</h3><table class="result"><tr class="param"><th>Parameter #1</th><th>Parameter #2</th><th>Parameter #3</th></tr><tr class="param stripe"><td>shivshakti@gmail.com</td><td>123456.0</td><td>valid</td></tr></table><p class="totop"><a href="#summary">back to summary</a></p>
<h3 id="m11">com.DemoHybridFramework.qa.testCases.LoginTest_DDT2#Login_valid_invalid_DDT</h3><table class="result"><tr class="param"><th>Parameter #1</th><th>Parameter #2</th><th>Parameter #3</th></tr><tr class="param stripe"><td>shivshakti@gmail.com</td><td>123456.0</td><td>valid</td></tr></table><p class="totop"><a href="#summary">back to summary</a></p>
<h3 id="m12">com.DemoHybridFramework.qa.testCases.SearchTest#verifySearchWithInValidProduct</h3><table class="result"><tr><th class="invisible"/></tr></table><p class="totop"><a href="#summary">back to summary</a></p>
<h3 id="m13">com.DemoHybridFramework.qa.testCases.SearchTest#verifySearchWithValidProduct</h3><table class="result"><tr><th class="invisible"/></tr></table><p class="totop"><a href="#summary">back to summary</a></p>
<h3 id="m14">com.DemoHybridFramework.qa.testCases.SearchTest#verifySearchWithoutAnyProduct</h3><table class="result"><tr><th class="invisible"/></tr></table><p class="totop"><a href="#summary">back to summary</a></p>
</body>
</html>
