<?xml version="1.0" encoding="UTF-8"?>
<testng-results ignored="0" total="15" passed="13" failed="2" skipped="0">
  <reporter-output>
  </reporter-output>
  <suite started-at="2024-05-20T18:55:24 IST" name="Suite" finished-at="2024-05-20T18:57:24 IST" duration-ms="120670">
    <groups>
    </groups>
    <test started-at="2024-05-20T18:55:24 IST" name="Test" finished-at="2024-05-20T18:57:24 IST" duration-ms="120670">
      <class name="com.DemoHybridFramework.qa.testCases.SearchTest">
        <test-method is-config="true" signature="setUp()[pri:0, instance:com.DemoHybridFramework.qa.testCases.SearchTest@3c989952]" started-at="2024-05-20T18:55:24 IST" name="setUp" finished-at="2024-05-20T18:55:34 IST" duration-ms="9393" status="PASS">
          <reporter-output>
          </reporter-output>
        </test-method> <!-- setUp -->
        <test-method signature="verifySearchWithValidProduct()[pri:0, instance:com.DemoHybridFramework.qa.testCases.SearchTest@3c989952]" started-at="2024-05-20T18:55:34 IST" name="verifySearchWithValidProduct" finished-at="2024-05-20T18:55:34 IST" duration-ms="657" status="PASS">
          <reporter-output>
          </reporter-output>
        </test-method> <!-- verifySearchWithValidProduct -->
        <test-method is-config="true" signature="tearDown()[pri:0, instance:com.DemoHybridFramework.qa.testCases.SearchTest@3c989952]" started-at="2024-05-20T18:55:34 IST" name="tearDown" finished-at="2024-05-20T18:55:35 IST" duration-ms="492" status="PASS">
          <reporter-output>
          </reporter-output>
        </test-method> <!-- tearDown -->
        <test-method is-config="true" signature="setUp()[pri:0, instance:com.DemoHybridFramework.qa.testCases.SearchTest@3c989952]" started-at="2024-05-20T18:55:35 IST" name="setUp" finished-at="2024-05-20T18:55:39 IST" duration-ms="4566" status="PASS">
          <reporter-output>
          </reporter-output>
        </test-method> <!-- setUp -->
        <test-method signature="verifySearchWithInValidProduct()[pri:1, instance:com.DemoHybridFramework.qa.testCases.SearchTest@3c989952]" started-at="2024-05-20T18:55:39 IST" name="verifySearchWithInValidProduct" finished-at="2024-05-20T18:55:40 IST" duration-ms="511" status="PASS">
          <reporter-output>
          </reporter-output>
        </test-method> <!-- verifySearchWithInValidProduct -->
        <test-method is-config="true" signature="tearDown()[pri:0, instance:com.DemoHybridFramework.qa.testCases.SearchTest@3c989952]" started-at="2024-05-20T18:55:40 IST" name="tearDown" finished-at="2024-05-20T18:55:40 IST" duration-ms="364" status="PASS">
          <reporter-output>
          </reporter-output>
        </test-method> <!-- tearDown -->
        <test-method is-config="true" signature="setUp()[pri:0, instance:com.DemoHybridFramework.qa.testCases.SearchTest@3c989952]" started-at="2024-05-20T18:55:40 IST" name="setUp" finished-at="2024-05-20T18:55:45 IST" duration-ms="4699" status="PASS">
          <reporter-output>
          </reporter-output>
        </test-method> <!-- setUp -->
        <test-method signature="verifySearchWithoutAnyProduct()[pri:2, instance:com.DemoHybridFramework.qa.testCases.SearchTest@3c989952]" started-at="2024-05-20T18:55:45 IST" name="verifySearchWithoutAnyProduct" finished-at="2024-05-20T18:55:45 IST" duration-ms="390" status="PASS">
          <reporter-output>
          </reporter-output>
        </test-method> <!-- verifySearchWithoutAnyProduct -->
        <test-method is-config="true" signature="tearDown()[pri:0, instance:com.DemoHybridFramework.qa.testCases.SearchTest@3c989952]" started-at="2024-05-20T18:55:45 IST" name="tearDown" finished-at="2024-05-20T18:55:46 IST" duration-ms="319" status="PASS">
          <reporter-output>
          </reporter-output>
        </test-method> <!-- tearDown -->
      </class> <!-- com.DemoHybridFramework.qa.testCases.SearchTest -->
      <class name="com.DemoHybridFramework.qa.testCases.LoginTest_DDT2">
        <test-method is-config="true" signature="setUp()[pri:0, instance:com.DemoHybridFramework.qa.testCases.LoginTest_DDT2@68b6f0d6]" started-at="2024-05-20T18:56:37 IST" name="setUp" finished-at="2024-05-20T18:56:42 IST" duration-ms="4996" status="PASS">
          <reporter-output>
          </reporter-output>
        </test-method> <!-- setUp -->
        <test-method signature="Login_valid_invalid_DDT(java.lang.String,java.lang.String,java.lang.String)[pri:0, instance:com.DemoHybridFramework.qa.testCases.LoginTest_DDT2@68b6f0d6]" started-at="2024-05-20T18:56:42 IST" name="Login_valid_invalid_DDT" data-provider="dp" finished-at="2024-05-20T18:56:44 IST" duration-ms="1414" status="PASS">
          <params>
            <param index="0">
              <value>
                <![CDATA[shivshakti@gmail.com]]>
              </value>
            </param>
            <param index="1">
              <value>
                <![CDATA[123456.0]]>
              </value>
            </param>
            <param index="2">
              <value>
                <![CDATA[valid]]>
              </value>
            </param>
          </params>
          <reporter-output>
          </reporter-output>
        </test-method> <!-- Login_valid_invalid_DDT -->
        <test-method is-config="true" signature="tearDown()[pri:0, instance:com.DemoHybridFramework.qa.testCases.LoginTest_DDT2@68b6f0d6]" started-at="2024-05-20T18:56:44 IST" name="tearDown" finished-at="2024-05-20T18:56:44 IST" duration-ms="419" status="PASS">
          <reporter-output>
          </reporter-output>
        </test-method> <!-- tearDown -->
        <test-method is-config="true" signature="setUp()[pri:0, instance:com.DemoHybridFramework.qa.testCases.LoginTest_DDT2@68b6f0d6]" started-at="2024-05-20T18:56:44 IST" name="setUp" finished-at="2024-05-20T18:56:49 IST" duration-ms="5039" status="PASS">
          <reporter-output>
          </reporter-output>
        </test-method> <!-- setUp -->
        <test-method signature="Login_valid_invalid_DDT(java.lang.String,java.lang.String,java.lang.String)[pri:0, instance:com.DemoHybridFramework.qa.testCases.LoginTest_DDT2@68b6f0d6]" started-at="2024-05-20T18:56:49 IST" name="Login_valid_invalid_DDT" data-provider="dp" finished-at="2024-05-20T18:57:00 IST" duration-ms="10835" status="FAIL">
          <params>
            <param index="0">
              <value>
                <![CDATA[test@gmail.com]]>
              </value>
            </param>
            <param index="1">
              <value>
                <![CDATA[123456.0]]>
              </value>
            </param>
            <param index="2">
              <value>
                <![CDATA[invalid]]>
              </value>
            </param>
          </params>
          <exception class="java.lang.AssertionError">
            <message>
              <![CDATA[An exception occurred: no such element: Unable to locate element: {"method":"xpath","selector":"//h2[text()='My Account']"}
  (Session info: chrome=124.0.6367.209)
For documentation on this error, please visit: https://www.selenium.dev/documentation/webdriver/troubleshooting/errors#no-such-element-exception
Build info: version: '4.15.0', revision: '1d14b5521b'
System info: os.name: 'Windows 10', os.arch: 'amd64', os.version: '10.0', java.version: '16.0.1'
Driver info: org.openqa.selenium.chrome.ChromeDriver
Command: [275c167416803a770c867304084948f4, findElement {using=xpath, value=//h2[text()='My Account']}]
Capabilities {acceptInsecureCerts: false, browserName: chrome, browserVersion: 124.0.6367.209, chrome: {chromedriverVersion: 124.0.6367.207 (a9001a6e39f..., userDataDir: C:\WINDOWS\SystemTemp\scope...}, fedcm:accounts: true, goog:chromeOptions: {debuggerAddress: localhost:63157}, networkConnectionEnabled: false, pageLoadStrategy: normal, platformName: windows, proxy: Proxy(), se:cdp: ws://localhost:63157/devtoo..., se:cdpVersion: 124.0.6367.209, setWindowRect: true, strictFileInteractability: false, timeouts: {implicit: 0, pageLoad: 300000, script: 30000}, unhandledPromptBehavior: dismiss and notify, webauthn:extension:credBlob: true, webauthn:extension:largeBlob: true, webauthn:extension:minPinLength: true, webauthn:extension:prf: true, webauthn:virtualAuthenticators: true}
Session ID: 275c167416803a770c867304084948f4]]>
            </message>
            <full-stacktrace>
              <![CDATA[java.lang.AssertionError: An exception occurred: no such element: Unable to locate element: {"method":"xpath","selector":"//h2[text()='My Account']"}
  (Session info: chrome=124.0.6367.209)
For documentation on this error, please visit: https://www.selenium.dev/documentation/webdriver/troubleshooting/errors#no-such-element-exception
Build info: version: '4.15.0', revision: '1d14b5521b'
System info: os.name: 'Windows 10', os.arch: 'amd64', os.version: '10.0', java.version: '16.0.1'
Driver info: org.openqa.selenium.chrome.ChromeDriver
Command: [275c167416803a770c867304084948f4, findElement {using=xpath, value=//h2[text()='My Account']}]
Capabilities {acceptInsecureCerts: false, browserName: chrome, browserVersion: 124.0.6367.209, chrome: {chromedriverVersion: 124.0.6367.207 (a9001a6e39f..., userDataDir: C:\WINDOWS\SystemTemp\scope...}, fedcm:accounts: true, goog:chromeOptions: {debuggerAddress: localhost:63157}, networkConnectionEnabled: false, pageLoadStrategy: normal, platformName: windows, proxy: Proxy(), se:cdp: ws://localhost:63157/devtoo..., se:cdpVersion: 124.0.6367.209, setWindowRect: true, strictFileInteractability: false, timeouts: {implicit: 0, pageLoad: 300000, script: 30000}, unhandledPromptBehavior: dismiss and notify, webauthn:extension:credBlob: true, webauthn:extension:largeBlob: true, webauthn:extension:minPinLength: true, webauthn:extension:prf: true, webauthn:virtualAuthenticators: true}
Session ID: 275c167416803a770c867304084948f4
at org.testng.Assert.fail(Assert.java:111)
at com.DemoHybridFramework.qa.testCases.LoginTest_DDT2.Login_valid_invalid_DDT(LoginTest_DDT2.java:79)
at java.base/jdk.internal.reflect.NativeMethodAccessorImpl.invoke0(Native Method)
at java.base/jdk.internal.reflect.NativeMethodAccessorImpl.invoke(NativeMethodAccessorImpl.java:78)
at java.base/jdk.internal.reflect.DelegatingMethodAccessorImpl.invoke(DelegatingMethodAccessorImpl.java:43)
at java.base/java.lang.reflect.Method.invoke(Method.java:567)
at org.testng.internal.invokers.MethodInvocationHelper.invokeMethod(MethodInvocationHelper.java:139)
at org.testng.internal.invokers.TestInvoker.invokeMethod(TestInvoker.java:664)
at org.testng.internal.invokers.TestInvoker.invokeTestMethod(TestInvoker.java:227)
at org.testng.internal.invokers.MethodRunner.runInSequence(MethodRunner.java:50)
at org.testng.internal.invokers.TestInvoker$MethodInvocationAgent.invoke(TestInvoker.java:957)
at org.testng.internal.invokers.TestInvoker.invokeTestMethods(TestInvoker.java:200)
at org.testng.internal.invokers.TestMethodWorker.invokeTestMethods(TestMethodWorker.java:148)
at org.testng.internal.invokers.TestMethodWorker.run(TestMethodWorker.java:128)
at java.base/java.util.ArrayList.forEach(ArrayList.java:1511)
at org.testng.TestRunner.privateRun(TestRunner.java:848)
at org.testng.TestRunner.run(TestRunner.java:621)
at org.testng.SuiteRunner.runTest(SuiteRunner.java:443)
at org.testng.SuiteRunner.runSequentially(SuiteRunner.java:437)
at org.testng.SuiteRunner.privateRun(SuiteRunner.java:397)
at org.testng.SuiteRunner.run(SuiteRunner.java:336)
at org.testng.SuiteRunnerWorker.runSuite(SuiteRunnerWorker.java:52)
at org.testng.SuiteRunnerWorker.run(SuiteRunnerWorker.java:95)
at org.testng.TestNG.runSuitesSequentially(TestNG.java:1280)
at org.testng.TestNG.runSuitesLocally(TestNG.java:1200)
at org.testng.TestNG.runSuites(TestNG.java:1114)
at org.testng.TestNG.run(TestNG.java:1082)
at org.testng.remote.AbstractRemoteTestNG.run(AbstractRemoteTestNG.java:115)
at org.testng.remote.RemoteTestNG.initAndRun(RemoteTestNG.java:251)
at org.testng.remote.RemoteTestNG.main(RemoteTestNG.java:77)
]]>
            </full-stacktrace>
          </exception> <!-- java.lang.AssertionError -->
          <reporter-output>
          </reporter-output>
        </test-method> <!-- Login_valid_invalid_DDT -->
        <test-method is-config="true" signature="tearDown()[pri:0, instance:com.DemoHybridFramework.qa.testCases.LoginTest_DDT2@68b6f0d6]" started-at="2024-05-20T18:57:00 IST" name="tearDown" finished-at="2024-05-20T18:57:01 IST" duration-ms="507" status="PASS">
          <reporter-output>
          </reporter-output>
        </test-method> <!-- tearDown -->
        <test-method is-config="true" signature="setUp()[pri:0, instance:com.DemoHybridFramework.qa.testCases.LoginTest_DDT2@68b6f0d6]" started-at="2024-05-20T18:57:01 IST" name="setUp" finished-at="2024-05-20T18:57:06 IST" duration-ms="5142" status="PASS">
          <reporter-output>
          </reporter-output>
        </test-method> <!-- setUp -->
        <test-method signature="Login_valid_invalid_DDT(java.lang.String,java.lang.String,java.lang.String)[pri:0, instance:com.DemoHybridFramework.qa.testCases.LoginTest_DDT2@68b6f0d6]" started-at="2024-05-20T18:57:06 IST" name="Login_valid_invalid_DDT" data-provider="dp" finished-at="2024-05-20T18:57:07 IST" duration-ms="1481" status="PASS">
          <params>
            <param index="0">
              <value>
                <![CDATA[shivshakti@gmail.com]]>
              </value>
            </param>
            <param index="1">
              <value>
                <![CDATA[123456.0]]>
              </value>
            </param>
            <param index="2">
              <value>
                <![CDATA[valid]]>
              </value>
            </param>
          </params>
          <reporter-output>
          </reporter-output>
        </test-method> <!-- Login_valid_invalid_DDT -->
        <test-method is-config="true" signature="tearDown()[pri:0, instance:com.DemoHybridFramework.qa.testCases.LoginTest_DDT2@68b6f0d6]" started-at="2024-05-20T18:57:07 IST" name="tearDown" finished-at="2024-05-20T18:57:08 IST" duration-ms="402" status="PASS">
          <reporter-output>
          </reporter-output>
        </test-method> <!-- tearDown -->
        <test-method is-config="true" signature="setUp()[pri:0, instance:com.DemoHybridFramework.qa.testCases.LoginTest_DDT2@68b6f0d6]" started-at="2024-05-20T18:57:08 IST" name="setUp" finished-at="2024-05-20T18:57:13 IST" duration-ms="5118" status="PASS">
          <reporter-output>
          </reporter-output>
        </test-method> <!-- setUp -->
        <test-method signature="Login_valid_invalid_DDT(java.lang.String,java.lang.String,java.lang.String)[pri:0, instance:com.DemoHybridFramework.qa.testCases.LoginTest_DDT2@68b6f0d6]" started-at="2024-05-20T18:57:13 IST" name="Login_valid_invalid_DDT" data-provider="dp" finished-at="2024-05-20T18:57:24 IST" duration-ms="10896" status="FAIL">
          <params>
            <param index="0">
              <value>
                <![CDATA[invalid@gmail.com]]>
              </value>
            </param>
            <param index="1">
              <value>
                <![CDATA[123456.0]]>
              </value>
            </param>
            <param index="2">
              <value>
                <![CDATA[invalid]]>
              </value>
            </param>
          </params>
          <exception class="java.lang.AssertionError">
            <message>
              <![CDATA[An exception occurred: no such element: Unable to locate element: {"method":"xpath","selector":"//h2[text()='My Account']"}
  (Session info: chrome=124.0.6367.209)
For documentation on this error, please visit: https://www.selenium.dev/documentation/webdriver/troubleshooting/errors#no-such-element-exception
Build info: version: '4.15.0', revision: '1d14b5521b'
System info: os.name: 'Windows 10', os.arch: 'amd64', os.version: '10.0', java.version: '16.0.1'
Driver info: org.openqa.selenium.chrome.ChromeDriver
Command: [11c6b7626b0224b4685de999d5f48ef9, findElement {using=xpath, value=//h2[text()='My Account']}]
Capabilities {acceptInsecureCerts: false, browserName: chrome, browserVersion: 124.0.6367.209, chrome: {chromedriverVersion: 124.0.6367.207 (a9001a6e39f..., userDataDir: C:\WINDOWS\SystemTemp\scope...}, fedcm:accounts: true, goog:chromeOptions: {debuggerAddress: localhost:63231}, networkConnectionEnabled: false, pageLoadStrategy: normal, platformName: windows, proxy: Proxy(), se:cdp: ws://localhost:63231/devtoo..., se:cdpVersion: 124.0.6367.209, setWindowRect: true, strictFileInteractability: false, timeouts: {implicit: 0, pageLoad: 300000, script: 30000}, unhandledPromptBehavior: dismiss and notify, webauthn:extension:credBlob: true, webauthn:extension:largeBlob: true, webauthn:extension:minPinLength: true, webauthn:extension:prf: true, webauthn:virtualAuthenticators: true}
Session ID: 11c6b7626b0224b4685de999d5f48ef9]]>
            </message>
            <full-stacktrace>
              <![CDATA[java.lang.AssertionError: An exception occurred: no such element: Unable to locate element: {"method":"xpath","selector":"//h2[text()='My Account']"}
  (Session info: chrome=124.0.6367.209)
For documentation on this error, please visit: https://www.selenium.dev/documentation/webdriver/troubleshooting/errors#no-such-element-exception
Build info: version: '4.15.0', revision: '1d14b5521b'
System info: os.name: 'Windows 10', os.arch: 'amd64', os.version: '10.0', java.version: '16.0.1'
Driver info: org.openqa.selenium.chrome.ChromeDriver
Command: [11c6b7626b0224b4685de999d5f48ef9, findElement {using=xpath, value=//h2[text()='My Account']}]
Capabilities {acceptInsecureCerts: false, browserName: chrome, browserVersion: 124.0.6367.209, chrome: {chromedriverVersion: 124.0.6367.207 (a9001a6e39f..., userDataDir: C:\WINDOWS\SystemTemp\scope...}, fedcm:accounts: true, goog:chromeOptions: {debuggerAddress: localhost:63231}, networkConnectionEnabled: false, pageLoadStrategy: normal, platformName: windows, proxy: Proxy(), se:cdp: ws://localhost:63231/devtoo..., se:cdpVersion: 124.0.6367.209, setWindowRect: true, strictFileInteractability: false, timeouts: {implicit: 0, pageLoad: 300000, script: 30000}, unhandledPromptBehavior: dismiss and notify, webauthn:extension:credBlob: true, webauthn:extension:largeBlob: true, webauthn:extension:minPinLength: true, webauthn:extension:prf: true, webauthn:virtualAuthenticators: true}
Session ID: 11c6b7626b0224b4685de999d5f48ef9
at org.testng.Assert.fail(Assert.java:111)
at com.DemoHybridFramework.qa.testCases.LoginTest_DDT2.Login_valid_invalid_DDT(LoginTest_DDT2.java:79)
at java.base/jdk.internal.reflect.NativeMethodAccessorImpl.invoke0(Native Method)
at java.base/jdk.internal.reflect.NativeMethodAccessorImpl.invoke(NativeMethodAccessorImpl.java:78)
at java.base/jdk.internal.reflect.DelegatingMethodAccessorImpl.invoke(DelegatingMethodAccessorImpl.java:43)
at java.base/java.lang.reflect.Method.invoke(Method.java:567)
at org.testng.internal.invokers.MethodInvocationHelper.invokeMethod(MethodInvocationHelper.java:139)
at org.testng.internal.invokers.TestInvoker.invokeMethod(TestInvoker.java:664)
at org.testng.internal.invokers.TestInvoker.invokeTestMethod(TestInvoker.java:227)
at org.testng.internal.invokers.MethodRunner.runInSequence(MethodRunner.java:50)
at org.testng.internal.invokers.TestInvoker$MethodInvocationAgent.invoke(TestInvoker.java:957)
at org.testng.internal.invokers.TestInvoker.invokeTestMethods(TestInvoker.java:200)
at org.testng.internal.invokers.TestMethodWorker.invokeTestMethods(TestMethodWorker.java:148)
at org.testng.internal.invokers.TestMethodWorker.run(TestMethodWorker.java:128)
at java.base/java.util.ArrayList.forEach(ArrayList.java:1511)
at org.testng.TestRunner.privateRun(TestRunner.java:848)
at org.testng.TestRunner.run(TestRunner.java:621)
at org.testng.SuiteRunner.runTest(SuiteRunner.java:443)
at org.testng.SuiteRunner.runSequentially(SuiteRunner.java:437)
at org.testng.SuiteRunner.privateRun(SuiteRunner.java:397)
at org.testng.SuiteRunner.run(SuiteRunner.java:336)
at org.testng.SuiteRunnerWorker.runSuite(SuiteRunnerWorker.java:52)
at org.testng.SuiteRunnerWorker.run(SuiteRunnerWorker.java:95)
at org.testng.TestNG.runSuitesSequentially(TestNG.java:1280)
at org.testng.TestNG.runSuitesLocally(TestNG.java:1200)
at org.testng.TestNG.runSuites(TestNG.java:1114)
at org.testng.TestNG.run(TestNG.java:1082)
at org.testng.remote.AbstractRemoteTestNG.run(AbstractRemoteTestNG.java:115)
at org.testng.remote.RemoteTestNG.initAndRun(RemoteTestNG.java:251)
at org.testng.remote.RemoteTestNG.main(RemoteTestNG.java:77)
]]>
            </full-stacktrace>
          </exception> <!-- java.lang.AssertionError -->
          <reporter-output>
          </reporter-output>
        </test-method> <!-- Login_valid_invalid_DDT -->
        <test-method is-config="true" signature="tearDown()[pri:0, instance:com.DemoHybridFramework.qa.testCases.LoginTest_DDT2@68b6f0d6]" started-at="2024-05-20T18:57:24 IST" name="tearDown" finished-at="2024-05-20T18:57:24 IST" duration-ms="471" status="PASS">
          <reporter-output>
          </reporter-output>
        </test-method> <!-- tearDown -->
      </class> <!-- com.DemoHybridFramework.qa.testCases.LoginTest_DDT2 -->
      <class name="com.DemoHybridFramework.qa.testCases.LoginTest_DDT">
        <test-method is-config="true" signature="setUp()[pri:0, instance:com.DemoHybridFramework.qa.testCases.LoginTest_DDT@6941827a]" started-at="2024-05-20T18:56:17 IST" name="setUp" finished-at="2024-05-20T18:56:23 IST" duration-ms="5245" status="PASS">
          <reporter-output>
          </reporter-output>
        </test-method> <!-- setUp -->
        <test-method signature="Login_valid_DDT(java.lang.String,java.lang.String)[pri:0, instance:com.DemoHybridFramework.qa.testCases.LoginTest_DDT@6941827a]" started-at="2024-05-20T18:56:23 IST" name="Login_valid_DDT" data-provider="dp" finished-at="2024-05-20T18:56:24 IST" duration-ms="1086" status="PASS">
          <params>
            <param index="0">
              <value>
                <![CDATA[shivshakti@gmail.com]]>
              </value>
            </param>
            <param index="1">
              <value>
                <![CDATA[123456.0]]>
              </value>
            </param>
          </params>
          <reporter-output>
          </reporter-output>
        </test-method> <!-- Login_valid_DDT -->
        <test-method is-config="true" signature="tearDown()[pri:0, instance:com.DemoHybridFramework.qa.testCases.LoginTest_DDT@6941827a]" started-at="2024-05-20T18:56:24 IST" name="tearDown" finished-at="2024-05-20T18:56:24 IST" duration-ms="415" status="PASS">
          <reporter-output>
          </reporter-output>
        </test-method> <!-- tearDown -->
        <test-method is-config="true" signature="setUp()[pri:0, instance:com.DemoHybridFramework.qa.testCases.LoginTest_DDT@6941827a]" started-at="2024-05-20T18:56:24 IST" name="setUp" finished-at="2024-05-20T18:56:29 IST" duration-ms="5187" status="PASS">
          <reporter-output>
          </reporter-output>
        </test-method> <!-- setUp -->
        <test-method signature="Login_valid_DDT(java.lang.String,java.lang.String)[pri:0, instance:com.DemoHybridFramework.qa.testCases.LoginTest_DDT@6941827a]" started-at="2024-05-20T18:56:29 IST" name="Login_valid_DDT" data-provider="dp" finished-at="2024-05-20T18:56:30 IST" duration-ms="1044" status="PASS">
          <params>
            <param index="0">
              <value>
                <![CDATA[shivshakti@gmail.com]]>
              </value>
            </param>
            <param index="1">
              <value>
                <![CDATA[123456.0]]>
              </value>
            </param>
          </params>
          <reporter-output>
          </reporter-output>
        </test-method> <!-- Login_valid_DDT -->
        <test-method is-config="true" signature="tearDown()[pri:0, instance:com.DemoHybridFramework.qa.testCases.LoginTest_DDT@6941827a]" started-at="2024-05-20T18:56:30 IST" name="tearDown" finished-at="2024-05-20T18:56:31 IST" duration-ms="430" status="PASS">
          <reporter-output>
          </reporter-output>
        </test-method> <!-- tearDown -->
        <test-method is-config="true" signature="setUp()[pri:0, instance:com.DemoHybridFramework.qa.testCases.LoginTest_DDT@6941827a]" started-at="2024-05-20T18:56:31 IST" name="setUp" finished-at="2024-05-20T18:56:36 IST" duration-ms="5025" status="PASS">
          <reporter-output>
          </reporter-output>
        </test-method> <!-- setUp -->
        <test-method signature="Login_valid_DDT(java.lang.String,java.lang.String)[pri:0, instance:com.DemoHybridFramework.qa.testCases.LoginTest_DDT@6941827a]" started-at="2024-05-20T18:56:36 IST" name="Login_valid_DDT" data-provider="dp" finished-at="2024-05-20T18:56:37 IST" duration-ms="1016" status="PASS">
          <params>
            <param index="0">
              <value>
                <![CDATA[shivshakti@gmail.com]]>
              </value>
            </param>
            <param index="1">
              <value>
                <![CDATA[123456.0]]>
              </value>
            </param>
          </params>
          <reporter-output>
          </reporter-output>
        </test-method> <!-- Login_valid_DDT -->
        <test-method is-config="true" signature="tearDown()[pri:0, instance:com.DemoHybridFramework.qa.testCases.LoginTest_DDT@6941827a]" started-at="2024-05-20T18:56:37 IST" name="tearDown" finished-at="2024-05-20T18:56:37 IST" duration-ms="367" status="PASS">
          <reporter-output>
          </reporter-output>
        </test-method> <!-- tearDown -->
      </class> <!-- com.DemoHybridFramework.qa.testCases.LoginTest_DDT -->
      <class name="com.DemoHybridFramework.qa.testCases.LoginTest">
        <test-method is-config="true" signature="setUp()[pri:0, instance:com.DemoHybridFramework.qa.testCases.LoginTest@75b25825]" started-at="2024-05-20T18:55:46 IST" name="setUp" finished-at="2024-05-20T18:55:51 IST" duration-ms="4974" status="PASS">
          <reporter-output>
          </reporter-output>
        </test-method> <!-- setUp -->
        <test-method signature="verifyLoginWithValidCredentials()[pri:0, instance:com.DemoHybridFramework.qa.testCases.LoginTest@75b25825]" started-at="2024-05-20T18:55:51 IST" name="verifyLoginWithValidCredentials" finished-at="2024-05-20T18:55:52 IST" duration-ms="1117" status="PASS">
          <reporter-output>
          </reporter-output>
        </test-method> <!-- verifyLoginWithValidCredentials -->
        <test-method is-config="true" signature="tearDown()[pri:0, instance:com.DemoHybridFramework.qa.testCases.LoginTest@75b25825]" started-at="2024-05-20T18:55:52 IST" name="tearDown" finished-at="2024-05-20T18:55:52 IST" duration-ms="416" status="PASS">
          <reporter-output>
          </reporter-output>
        </test-method> <!-- tearDown -->
        <test-method is-config="true" signature="setUp()[pri:0, instance:com.DemoHybridFramework.qa.testCases.LoginTest@75b25825]" started-at="2024-05-20T18:55:52 IST" name="setUp" finished-at="2024-05-20T18:55:57 IST" duration-ms="5360" status="PASS">
          <reporter-output>
          </reporter-output>
        </test-method> <!-- setUp -->
        <test-method signature="verifyLoginWithInValidCredentials()[pri:1, instance:com.DemoHybridFramework.qa.testCases.LoginTest@75b25825]" started-at="2024-05-20T18:55:57 IST" name="verifyLoginWithInValidCredentials" finished-at="2024-05-20T18:55:58 IST" duration-ms="939" status="PASS">
          <reporter-output>
          </reporter-output>
        </test-method> <!-- verifyLoginWithInValidCredentials -->
        <test-method is-config="true" signature="tearDown()[pri:0, instance:com.DemoHybridFramework.qa.testCases.LoginTest@75b25825]" started-at="2024-05-20T18:55:58 IST" name="tearDown" finished-at="2024-05-20T18:55:59 IST" duration-ms="355" status="PASS">
          <reporter-output>
          </reporter-output>
        </test-method> <!-- tearDown -->
        <test-method is-config="true" signature="setUp()[pri:0, instance:com.DemoHybridFramework.qa.testCases.LoginTest@75b25825]" started-at="2024-05-20T18:55:59 IST" name="setUp" finished-at="2024-05-20T18:56:04 IST" duration-ms="5008" status="PASS">
          <reporter-output>
          </reporter-output>
        </test-method> <!-- setUp -->
        <test-method signature="verifyLoginWithInValidEmailAndValidPassword()[pri:2, instance:com.DemoHybridFramework.qa.testCases.LoginTest@75b25825]" started-at="2024-05-20T18:56:04 IST" name="verifyLoginWithInValidEmailAndValidPassword" finished-at="2024-05-20T18:56:05 IST" duration-ms="774" status="PASS">
          <reporter-output>
          </reporter-output>
        </test-method> <!-- verifyLoginWithInValidEmailAndValidPassword -->
        <test-method is-config="true" signature="tearDown()[pri:0, instance:com.DemoHybridFramework.qa.testCases.LoginTest@75b25825]" started-at="2024-05-20T18:56:05 IST" name="tearDown" finished-at="2024-05-20T18:56:05 IST" duration-ms="405" status="PASS">
          <reporter-output>
          </reporter-output>
        </test-method> <!-- tearDown -->
        <test-method is-config="true" signature="setUp()[pri:0, instance:com.DemoHybridFramework.qa.testCases.LoginTest@75b25825]" started-at="2024-05-20T18:56:05 IST" name="setUp" finished-at="2024-05-20T18:56:10 IST" duration-ms="4991" status="PASS">
          <reporter-output>
          </reporter-output>
        </test-method> <!-- setUp -->
        <test-method signature="verifyLoginWithValidEmailAndValidPassword()[pri:3, instance:com.DemoHybridFramework.qa.testCases.LoginTest@75b25825]" started-at="2024-05-20T18:56:10 IST" name="verifyLoginWithValidEmailAndValidPassword" finished-at="2024-05-20T18:56:11 IST" duration-ms="915" status="PASS">
          <reporter-output>
          </reporter-output>
        </test-method> <!-- verifyLoginWithValidEmailAndValidPassword -->
        <test-method is-config="true" signature="tearDown()[pri:0, instance:com.DemoHybridFramework.qa.testCases.LoginTest@75b25825]" started-at="2024-05-20T18:56:11 IST" name="tearDown" finished-at="2024-05-20T18:56:11 IST" duration-ms="382" status="PASS">
          <reporter-output>
          </reporter-output>
        </test-method> <!-- tearDown -->
        <test-method is-config="true" signature="setUp()[pri:0, instance:com.DemoHybridFramework.qa.testCases.LoginTest@75b25825]" started-at="2024-05-20T18:56:11 IST" name="setUp" finished-at="2024-05-20T18:56:16 IST" duration-ms="5172" status="PASS">
          <reporter-output>
          </reporter-output>
        </test-method> <!-- setUp -->
        <test-method signature="verifyLogWithoutProvidingCredentials()[pri:4, instance:com.DemoHybridFramework.qa.testCases.LoginTest@75b25825]" started-at="2024-05-20T18:56:16 IST" name="verifyLogWithoutProvidingCredentials" finished-at="2024-05-20T18:56:17 IST" duration-ms="532" status="PASS">
          <reporter-output>
          </reporter-output>
        </test-method> <!-- verifyLogWithoutProvidingCredentials -->
        <test-method is-config="true" signature="tearDown()[pri:0, instance:com.DemoHybridFramework.qa.testCases.LoginTest@75b25825]" started-at="2024-05-20T18:56:17 IST" name="tearDown" finished-at="2024-05-20T18:56:17 IST" duration-ms="407" status="PASS">
          <reporter-output>
          </reporter-output>
        </test-method> <!-- tearDown -->
      </class> <!-- com.DemoHybridFramework.qa.testCases.LoginTest -->
    </test> <!-- Test -->
  </suite> <!-- Suite -->
</testng-results>
